<?xml version="1.0" encoding="UTF-8"?>
<!-- Generated by org.testng.reporters.JUnitReportReporter -->
<testsuite hostname="Q10439" name="com.erp.testscripts.NewTest" tests="2" failures="0" timestamp="19 Aug 2016 07:22:51 GMT" time="14.127" errors="0">
  <testcase name="suppliers" time="5.966" classname="com.erp.testscripts.NewTest"/>
  <testcase name="uom" time="8.161" classname="com.erp.testscripts.NewTest"/>
</testsuite> <!-- com.erp.testscripts.NewTest -->
